<?xml version="1.0" encoding="UTF-8"?>
<!-- Generated by org.testng.reporters.JUnitXMLReporter -->
<testsuite ignored="0" hostname="DESKTOP-TKHHJCC" failures="1" tests="8" name="PersonalLoan" time="0.067" errors="0" timestamp="2020-03-02T23:36:06 EST">
  <testcase classname="test.P5_ListenersDemo2" name="m0" time="0.01"/>
  <testcase classname="test.P4_ListenersDemo" name="m0" time="0.01"/>
  <testcase classname="test.P5_ListenersDemo2" name="m1" time="0.001"/>
  <testcase classname="test.P5_ListenersDemo2" name="m2" time="0.001"/>
  <testcase classname="test.P5_ListenersDemo2" name="m3" time="0.001"/>
  <testcase classname="test.P4_ListenersDemo" name="m1" time="0.005">
    <failure type="java.lang.AssertionError" message="did not expect to find [true] but found [false]">
      <![CDATA[java.lang.AssertionError: did not expect to find [true] but found [false]
at test.P4_ListenersDemo.m1(P4_ListenersDemo.java:20)
at java.base/java.util.ArrayList.forEach(ArrayList.java:1507)
at java.base/java.util.concurrent.FutureTask.run(FutureTask.java:264)
at java.base/java.util.concurrent.ThreadPoolExecutor.runWorker(ThreadPoolExecutor.java:1128)
at java.base/java.util.concurrent.ThreadPoolExecutor$Worker.run(ThreadPoolExecutor.java:628)
at java.base/java.lang.Thread.run(Thread.java:830)
... Removed 22 stack frames]]>
    </failure>
  </testcase> <!-- m1 -->
  <testcase classname="test.P4_ListenersDemo" name="m2" time="0.002"/>
  <testcase classname="test.P4_ListenersDemo" name="m3" time="0.001"/>
</testsuite> <!-- PersonalLoan -->
