<?xml version="1.0" encoding="UTF-8"?>
<!-- Generated by org.testng.reporters.JUnitXMLReporter -->
<testsuite ignored="0" hostname="DESKTOP-TKHHJCC" failures="1" tests="4" name="Test" time="43.57" errors="0" timestamp="2020-03-24T13:17:23 EDT">
  <testcase classname="com.orangehrmive.test.LoginPageTest" name="validateTitle" time="0.016">
    <skipped/>
  </testcase> <!-- validateTitle -->
  <testcase classname="com.orangehrmive.test.LoginPageTest" name="validateTitle" time="0.008">
    <skipped/>
  </testcase> <!-- validateTitle -->
  <testcase classname="com.orangehrmive.test.LoginPageTest" name="validateTitle" time="0.007">
    <skipped/>
  </testcase> <!-- validateTitle -->
  <testcase classname="com.orangehrmive.test.LoginPageTest" name="validateTitle" time="0.007">
    <failure type="java.lang.AssertionError" message="expected [12321321OrangeHRM] but found [OrangeHRM]">
      <![CDATA[java.lang.AssertionError: expected [12321321OrangeHRM] but found [OrangeHRM]
at com.orangehrmive.test.LoginPageTest.validateTitle(LoginPageTest.java:40)
at java.base/java.util.ArrayList.forEach(ArrayList.java:1507)
... Removed 32 stack frames]]>
    </failure>
  </testcase> <!-- validateTitle -->
</testsuite> <!-- Test -->
